<?xml version="1.0" encoding="UTF-8"?>
<testsuite xmlns:xsi="http://www.w3.org/2001/XMLSchema-instance" xsi:noNamespaceSchemaLocation="https://maven.apache.org/surefire/maven-failsafe-plugin/xsd/failsafe-test-report.xsd" name="com.gdn.qa.module.ui.training.CucumberRunner" time="22.137" tests="7" errors="2" skipped="4" failures="0">
  <properties>
    <property name="sun.desktop" value="windows"/>
    <property name="awt.toolkit" value="sun.awt.windows.WToolkit"/>
    <property name="file.encoding.pkg" value="sun.io"/>
    <property name="java.specification.version" value="1.8"/>
    <property name="sun.cpu.isalist" value="amd64"/>
    <property name="sun.jnu.encoding" value="Cp1252"/>
    <property name="java.class.path" value="C:\Users\reynaldo.nathanael\Documents\ui-training\target\test-classes;C:\Users\reynaldo.nathanael\Documents\ui-training\target\ui-training-1.0-SNAPSHOT.jar;C:\Users\reynaldo.nathanael\.m2\repository\org\springframework\boot\spring-boot-starter-web\1.5.6.RELEASE\spring-boot-starter-web-1.5.6.RELEASE.jar;C:\Users\reynaldo.nathanael\.m2\repository\org\springframework\boot\spring-boot-starter\1.5.6.RELEASE\spring-boot-starter-1.5.6.RELEASE.jar;C:\Users\reynaldo.nathanael\.m2\repository\org\springframework\boot\spring-boot\1.5.6.RELEASE\spring-boot-1.5.6.RELEASE.jar;C:\Users\reynaldo.nathanael\.m2\repository\org\springframework\boot\spring-boot-autoconfigure\1.5.6.RELEASE\spring-boot-autoconfigure-1.5.6.RELEASE.jar;C:\Users\reynaldo.nathanael\.m2\repository\org\springframework\boot\spring-boot-starter-logging\1.5.6.RELEASE\spring-boot-starter-logging-1.5.6.RELEASE.jar;C:\Users\reynaldo.nathanael\.m2\repository\org\slf4j\jul-to-slf4j\1.7.25\jul-to-slf4j-1.7.25.jar;C:\Users\reynaldo.nathanael\.m2\repository\org\yaml\snakeyaml\1.17\snakeyaml-1.17.jar;C:\Users\reynaldo.nathanael\.m2\repository\org\springframework\boot\spring-boot-starter-tomcat\1.5.6.RELEASE\spring-boot-starter-tomcat-1.5.6.RELEASE.jar;C:\Users\reynaldo.nathanael\.m2\repository\org\apache\tomcat\embed\tomcat-embed-core\8.5.16\tomcat-embed-core-8.5.16.jar;C:\Users\reynaldo.nathanael\.m2\repository\org\apache\tomcat\embed\tomcat-embed-el\8.5.16\tomcat-embed-el-8.5.16.jar;C:\Users\reynaldo.nathanael\.m2\repository\org\apache\tomcat\embed\tomcat-embed-websocket\8.5.16\tomcat-embed-websocket-8.5.16.jar;C:\Users\reynaldo.nathanael\.m2\repository\org\hibernate\hibernate-validator\5.3.5.Final\hibernate-validator-5.3.5.Final.jar;C:\Users\reynaldo.nathanael\.m2\repository\javax\validation\validation-api\1.1.0.Final\validation-api-1.1.0.Final.jar;C:\Users\reynaldo.nathanael\.m2\repository\org\jboss\logging\jboss-logging\3.3.1.Final\jboss-logging-3.3.1.Final.jar;C:\Users\reynaldo.nathanael\.m2\repository\com\fasterxml\classmate\1.3.3\classmate-1.3.3.jar;C:\Users\reynaldo.nathanael\.m2\repository\com\fasterxml\jackson\core\jackson-databind\2.8.9\jackson-databind-2.8.9.jar;C:\Users\reynaldo.nathanael\.m2\repository\com\fasterxml\jackson\core\jackson-annotations\2.8.0\jackson-annotations-2.8.0.jar;C:\Users\reynaldo.nathanael\.m2\repository\com\fasterxml\jackson\core\jackson-core\2.8.9\jackson-core-2.8.9.jar;C:\Users\reynaldo.nathanael\.m2\repository\org\springframework\spring-web\4.3.10.RELEASE\spring-web-4.3.10.RELEASE.jar;C:\Users\reynaldo.nathanael\.m2\repository\org\springframework\spring-aop\4.3.10.RELEASE\spring-aop-4.3.10.RELEASE.jar;C:\Users\reynaldo.nathanael\.m2\repository\org\springframework\spring-beans\4.3.10.RELEASE\spring-beans-4.3.10.RELEASE.jar;C:\Users\reynaldo.nathanael\.m2\repository\org\springframework\spring-webmvc\4.3.10.RELEASE\spring-webmvc-4.3.10.RELEASE.jar;C:\Users\reynaldo.nathanael\.m2\repository\org\springframework\spring-expression\4.3.10.RELEASE\spring-expression-4.3.10.RELEASE.jar;C:\Users\reynaldo.nathanael\.m2\repository\org\springframework\boot\spring-boot-starter-test\1.5.6.RELEASE\spring-boot-starter-test-1.5.6.RELEASE.jar;C:\Users\reynaldo.nathanael\.m2\repository\org\springframework\boot\spring-boot-test\1.5.6.RELEASE\spring-boot-test-1.5.6.RELEASE.jar;C:\Users\reynaldo.nathanael\.m2\repository\org\springframework\boot\spring-boot-test-autoconfigure\1.5.6.RELEASE\spring-boot-test-autoconfigure-1.5.6.RELEASE.jar;C:\Users\reynaldo.nathanael\.m2\repository\com\jayway\jsonpath\json-path\2.2.0\json-path-2.2.0.jar;C:\Users\reynaldo.nathanael\.m2\repository\net\minidev\json-smart\2.2.1\json-smart-2.2.1.jar;C:\Users\reynaldo.nathanael\.m2\repository\net\minidev\accessors-smart\1.1\accessors-smart-1.1.jar;C:\Users\reynaldo.nathanael\.m2\repository\junit\junit\4.12\junit-4.12.jar;C:\Users\reynaldo.nathanael\.m2\repository\org\assertj\assertj-core\2.6.0\assertj-core-2.6.0.jar;C:\Users\reynaldo.nathanael\.m2\repository\org\mockito\mockito-core\1.10.19\mockito-core-1.10.19.jar;C:\Users\reynaldo.nathanael\.m2\repository\org\hamcrest\hamcrest-core\1.3\hamcrest-core-1.3.jar;C:\Users\reynaldo.nathanael\.m2\repository\org\hamcrest\hamcrest-library\1.3\hamcrest-library-1.3.jar;C:\Users\reynaldo.nathanael\.m2\repository\org\skyscreamer\jsonassert\1.4.0\jsonassert-1.4.0.jar;C:\Users\reynaldo.nathanael\.m2\repository\org\springframework\spring-core\4.3.10.RELEASE\spring-core-4.3.10.RELEASE.jar;C:\Users\reynaldo.nathanael\.m2\repository\org\springframework\spring-test\4.3.10.RELEASE\spring-test-4.3.10.RELEASE.jar;C:\Users\reynaldo.nathanael\.m2\repository\org\springframework\boot\spring-boot-starter-mustache\1.5.6.RELEASE\spring-boot-starter-mustache-1.5.6.RELEASE.jar;C:\Users\reynaldo.nathanael\.m2\repository\com\samskivert\jmustache\1.13\jmustache-1.13.jar;C:\Users\reynaldo.nathanael\.m2\repository\org\springframework\boot\spring-boot-configuration-processor\1.5.6.RELEASE\spring-boot-configuration-processor-1.5.6.RELEASE.jar;C:\Users\reynaldo.nathanael\.m2\repository\com\vaadin\external\google\android-json\0.0.20131108.vaadin1\android-json-0.0.20131108.vaadin1.jar;C:\Users\reynaldo.nathanael\.m2\repository\com\gdn\x\member\member-rest-web-model\1.19.0-3\member-rest-web-model-1.19.0-3.jar;C:\Users\reynaldo.nathanael\.m2\repository\com\gdn\gdn-common-client-sdk\2.5.0-1\gdn-common-client-sdk-2.5.0-1.jar;C:\Users\reynaldo.nathanael\.m2\repository\commons-beanutils\commons-beanutils\1.9.3\commons-beanutils-1.9.3.jar;C:\Users\reynaldo.nathanael\.m2\repository\com\fasterxml\jackson\dataformat\jackson-dataformat-xml\2.8.9\jackson-dataformat-xml-2.8.9.jar;C:\Users\reynaldo.nathanael\.m2\repository\com\fasterxml\jackson\module\jackson-module-jaxb-annotations\2.8.9\jackson-module-jaxb-annotations-2.8.9.jar;C:\Users\reynaldo.nathanael\.m2\repository\org\codehaus\woodstox\stax2-api\3.1.4\stax2-api-3.1.4.jar;C:\Users\reynaldo.nathanael\.m2\repository\com\fasterxml\woodstox\woodstox-core\5.0.3\woodstox-core-5.0.3.jar;C:\Users\reynaldo.nathanael\.m2\repository\com\gdn\x\member\member-base-model\1.19.0-3\member-base-model-1.19.0-3.jar;C:\Users\reynaldo.nathanael\.m2\repository\net\karneim\pojobuilder\3.6.0\pojobuilder-3.6.0.jar;C:\Users\reynaldo.nathanael\.m2\repository\com\squareup\javawriter\2.5.0\javawriter-2.5.0.jar;C:\Users\reynaldo.nathanael\.m2\repository\org\apache\commons\commons-lang3\3.3.2\commons-lang3-3.3.2.jar;C:\Users\reynaldo.nathanael\.m2\repository\joda-time\joda-time\2.9.9\joda-time-2.9.9.jar;C:\Users\reynaldo.nathanael\.m2\repository\org\slf4j\jcl-over-slf4j\1.7.25\jcl-over-slf4j-1.7.25.jar;C:\Users\reynaldo.nathanael\.m2\repository\org\slf4j\slf4j-api\1.7.25\slf4j-api-1.7.25.jar;C:\Users\reynaldo.nathanael\.m2\repository\ch\qos\logback\logback-core\1.1.11\logback-core-1.1.11.jar;C:\Users\reynaldo.nathanael\.m2\repository\ch\qos\logback\logback-classic\1.1.11\logback-classic-1.1.11.jar;C:\Users\reynaldo.nathanael\.m2\repository\com\gdn\x\cart\cart-rest-web-model\2.46.0-15\cart-rest-web-model-2.46.0-15.jar;C:\Users\reynaldo.nathanael\.m2\repository\com\gdn\x\cart\cart-master-model\2.46.0-15\cart-master-model-2.46.0-15.jar;C:\Users\reynaldo.nathanael\.m2\repository\com\gdn\gdn-common-helper\4.4.0-1\gdn-common-helper-4.4.0-1.jar;C:\Users\reynaldo.nathanael\.m2\repository\org\slf4j\log4j-over-slf4j\1.7.25\log4j-over-slf4j-1.7.25.jar;C:\Users\reynaldo.nathanael\.m2\repository\net\sf\dozer\dozer\5.4.0\dozer-5.4.0.jar;C:\Users\reynaldo.nathanael\.m2\repository\com\googlecode\lambdaj\lambdaj\2.3.3\lambdaj-2.3.3.jar;C:\Users\reynaldo.nathanael\.m2\repository\org\hamcrest\hamcrest-all\1.1\hamcrest-all-1.1.jar;C:\Users\reynaldo.nathanael\.m2\repository\org\objenesis\objenesis\1.2\objenesis-1.2.jar;C:\Users\reynaldo.nathanael\.m2\repository\cglib\cglib-nodep\2.2\cglib-nodep-2.2.jar;C:\Users\reynaldo.nathanael\.m2\repository\com\gdn\qa\automation\core\badak-core\1.4.0\badak-core-1.4.0.jar;C:\Users\reynaldo.nathanael\.m2\repository\io\github\bonigarcia\webdrivermanager\2.2.4\webdrivermanager-2.2.4.jar;C:\Users\reynaldo.nathanael\.m2\repository\commons-io\commons-io\2.6\commons-io-2.6.jar;C:\Users\reynaldo.nathanael\.m2\repository\org\apache\httpcomponents\httpclient\4.5.3\httpclient-4.5.3.jar;C:\Users\reynaldo.nathanael\.m2\repository\org\rauschig\jarchivelib\0.8.0\jarchivelib-0.8.0.jar;C:\Users\reynaldo.nathanael\.m2\repository\org\apache\commons\commons-compress\1.14\commons-compress-1.14.jar;C:\Users\reynaldo.nathanael\.m2\repository\org\jsoup\jsoup\1.11.3\jsoup-1.11.3.jar;C:\Users\reynaldo.nathanael\.m2\repository\io\rest-assured\json-schema-validator\3.1.0\json-schema-validator-3.1.0.jar;C:\Users\reynaldo.nathanael\.m2\repository\com\github\fge\json-schema-validator\2.2.6\json-schema-validator-2.2.6.jar;C:\Users\reynaldo.nathanael\.m2\repository\com\googlecode\libphonenumber\libphonenumber\6.2\libphonenumber-6.2.jar;C:\Users\reynaldo.nathanael\.m2\repository\com\github\fge\json-schema-core\1.2.5\json-schema-core-1.2.5.jar;C:\Users\reynaldo.nathanael\.m2\repository\com\github\fge\uri-template\0.9\uri-template-0.9.jar;C:\Users\reynaldo.nathanael\.m2\repository\com\github\fge\msg-simple\1.1\msg-simple-1.1.jar;C:\Users\reynaldo.nathanael\.m2\repository\com\github\fge\btf\1.2\btf-1.2.jar;C:\Users\reynaldo.nathanael\.m2\repository\com\github\fge\jackson-coreutils\1.8\jackson-coreutils-1.8.jar;C:\Users\reynaldo.nathanael\.m2\repository\org\mozilla\rhino\1.7R4\rhino-1.7R4.jar;C:\Users\reynaldo.nathanael\.m2\repository\javax\mail\mailapi\1.4.3\mailapi-1.4.3.jar;C:\Users\reynaldo.nathanael\.m2\repository\javax\activation\activation\1.1\activation-1.1.jar;C:\Users\reynaldo.nathanael\.m2\repository\net\sf\jopt-simple\jopt-simple\4.6\jopt-simple-4.6.jar;C:\Users\reynaldo.nathanael\.m2\repository\org\seleniumhq\selenium\selenium-server\3.13.0\selenium-server-3.13.0.jar;C:\Users\reynaldo.nathanael\.m2\repository\org\seleniumhq\selenium\selenium-java\3.13.0\selenium-java-3.13.0.jar;C:\Users\reynaldo.nathanael\.m2\repository\org\seleniumhq\selenium\selenium-api\3.13.0\selenium-api-3.13.0.jar;C:\Users\reynaldo.nathanael\.m2\repository\org\seleniumhq\selenium\selenium-chrome-driver\3.13.0\selenium-chrome-driver-3.13.0.jar;C:\Users\reynaldo.nathanael\.m2\repository\org\seleniumhq\selenium\selenium-edge-driver\3.13.0\selenium-edge-driver-3.13.0.jar;C:\Users\reynaldo.nathanael\.m2\repository\org\seleniumhq\selenium\selenium-firefox-driver\3.13.0\selenium-firefox-driver-3.13.0.jar;C:\Users\reynaldo.nathanael\.m2\repository\org\seleniumhq\selenium\selenium-ie-driver\3.13.0\selenium-ie-driver-3.13.0.jar;C:\Users\reynaldo.nathanael\.m2\repository\org\seleniumhq\selenium\selenium-opera-driver\3.13.0\selenium-opera-driver-3.13.0.jar;C:\Users\reynaldo.nathanael\.m2\repository\org\seleniumhq\selenium\selenium-remote-driver\3.13.0\selenium-remote-driver-3.13.0.jar;C:\Users\reynaldo.nathanael\.m2\repository\org\seleniumhq\selenium\selenium-safari-driver\3.13.0\selenium-safari-driver-3.13.0.jar;C:\Users\reynaldo.nathanael\.m2\repository\org\seleniumhq\selenium\selenium-support\3.13.0\selenium-support-3.13.0.jar;C:\Users\reynaldo.nathanael\.m2\repository\com\beust\jcommander\1.72\jcommander-1.72.jar;C:\Users\reynaldo.nathanael\.m2\repository\org\apache\commons\commons-exec\1.3\commons-exec-1.3.jar;C:\Users\reynaldo.nathanael\.m2\repository\org\apache\commons\commons-text\1.1\commons-text-1.1.jar;C:\Users\reynaldo.nathanael\.m2\repository\commons-net\commons-net\3.6\commons-net-3.6.jar;C:\Users\reynaldo.nathanael\.m2\repository\net\sourceforge\htmlunit\htmlunit\2.21\htmlunit-2.21.jar;C:\Users\reynaldo.nathanael\.m2\repository\net\sourceforge\cssparser\cssparser\0.9.18\cssparser-0.9.18.jar;C:\Users\reynaldo.nathanael\.m2\repository\org\w3c\css\sac\1.3\sac-1.3.jar;C:\Users\reynaldo.nathanael\.m2\repository\net\sourceforge\htmlunit\htmlunit-core-js\2.28\htmlunit-core-js-2.28.jar;C:\Users\reynaldo.nathanael\.m2\repository\net\sourceforge\htmlunit\htmlunit-cssparser\1.0.0\htmlunit-cssparser-1.0.0.jar;C:\Users\reynaldo.nathanael\.m2\repository\net\sourceforge\htmlunit\neko-htmlunit\2.30\neko-htmlunit-2.30.jar;C:\Users\reynaldo.nathanael\.m2\repository\org\apache\httpcomponents\httpcore\4.4.6\httpcore-4.4.6.jar;C:\Users\reynaldo.nathanael\.m2\repository\org\apache\httpcomponents\httpmime\4.5.3\httpmime-4.5.3.jar;C:\Users\reynaldo.nathanael\.m2\repository\net\jcip\jcip-annotations\1.0\jcip-annotations-1.0.jar;C:\Users\reynaldo.nathanael\.m2\repository\org\seleniumhq\selenium\jetty-repacked\9.4.7.v20171121\jetty-repacked-9.4.7.v20171121.jar;C:\Users\reynaldo.nathanael\.m2\repository\org\eclipse\jetty\jetty-client\9.4.6.v20170531\jetty-client-9.4.6.v20170531.jar;C:\Users\reynaldo.nathanael\.m2\repository\org\eclipse\jetty\jetty-http\9.4.6.v20170531\jetty-http-9.4.6.v20170531.jar;C:\Users\reynaldo.nathanael\.m2\repository\org\eclipse\jetty\jetty-io\9.4.6.v20170531\jetty-io-9.4.6.v20170531.jar;C:\Users\reynaldo.nathanael\.m2\repository\org\eclipse\jetty\jetty-util\9.4.6.v20170531\jetty-util-9.4.6.v20170531.jar;C:\Users\reynaldo.nathanael\.m2\repository\org\eclipse\jetty\jetty-xml\9.4.6.v20170531\jetty-xml-9.4.6.v20170531.jar;C:\Users\reynaldo.nathanael\.m2\repository\com\squareup\okhttp3\okhttp\3.10.0\okhttp-3.10.0.jar;C:\Users\reynaldo.nathanael\.m2\repository\com\squareup\okio\okio\1.14.1\okio-1.14.1.jar;C:\Users\reynaldo.nathanael\.m2\repository\org\seleniumhq\selenium\htmlunit-driver\2.21\htmlunit-driver-2.21.jar;C:\Users\reynaldo.nathanael\.m2\repository\javax\servlet\javax.servlet-api\3.1.0\javax.servlet-api-3.1.0.jar;C:\Users\reynaldo.nathanael\.m2\repository\org\eclipse\jetty\websocket\websocket-api\9.4.7.v20170914\websocket-api-9.4.7.v20170914.jar;C:\Users\reynaldo.nathanael\.m2\repository\org\eclipse\jetty\websocket\websocket-client\9.4.6.v20170531\websocket-client-9.4.6.v20170531.jar;C:\Users\reynaldo.nathanael\.m2\repository\org\eclipse\jetty\websocket\websocket-common\9.4.7.v20170914\websocket-common-9.4.7.v20170914.jar;C:\Users\reynaldo.nathanael\.m2\repository\xalan\serializer\2.7.2\serializer-2.7.2.jar;C:\Users\reynaldo.nathanael\.m2\repository\xalan\xalan\2.7.2\xalan-2.7.2.jar;C:\Users\reynaldo.nathanael\.m2\repository\xerces\xercesImpl\2.11.0\xercesImpl-2.11.0.jar;C:\Users\reynaldo.nathanael\.m2\repository\com\google\code\gson\gson\2.8.1\gson-2.8.1.jar;C:\Users\reynaldo.nathanael\.m2\repository\net\serenity-bdd\serenity-cucumber\1.9.12\serenity-cucumber-1.9.12.jar;C:\Users\reynaldo.nathanael\.m2\repository\net\serenity-bdd\serenity-screenplay\1.9.30\serenity-screenplay-1.9.30.jar;C:\Users\reynaldo.nathanael\.m2\repository\net\serenity-bdd\serenity-screenplay-webdriver\1.9.30\serenity-screenplay-webdriver-1.9.30.jar;C:\Users\reynaldo.nathanael\.m2\repository\io\cucumber\cucumber-java\2.4.0\cucumber-java-2.4.0.jar;C:\Users\reynaldo.nathanael\.m2\repository\io\cucumber\cucumber-junit\2.4.0\cucumber-junit-2.4.0.jar;C:\Users\reynaldo.nathanael\.m2\repository\net\serenity-bdd\serenity-rest-assured\1.9.31\serenity-rest-assured-1.9.31.jar;C:\Users\reynaldo.nathanael\.m2\repository\io\rest-assured\rest-assured\3.0.5\rest-assured-3.0.5.jar;C:\Users\reynaldo.nathanael\.m2\repository\org\ccil\cowan\tagsoup\tagsoup\1.2.1\tagsoup-1.2.1.jar;C:\Users\reynaldo.nathanael\.m2\repository\io\rest-assured\json-path\3.0.5\json-path-3.0.5.jar;C:\Users\reynaldo.nathanael\.m2\repository\io\rest-assured\rest-assured-common\3.0.5\rest-assured-common-3.0.5.jar;C:\Users\reynaldo.nathanael\.m2\repository\io\rest-assured\xml-path\3.0.5\xml-path-3.0.5.jar;C:\Users\reynaldo.nathanael\.m2\repository\org\codehaus\groovy\groovy\2.4.12\groovy-2.4.12.jar;C:\Users\reynaldo.nathanael\.m2\repository\org\codehaus\groovy\groovy-xml\2.4.12\groovy-xml-2.4.12.jar;C:\Users\reynaldo.nathanael\.m2\repository\org\codehaus\groovy\groovy-json\2.4.12\groovy-json-2.4.12.jar;C:\Users\reynaldo.nathanael\.m2\repository\com\gdn\qa\automation\core\badak-core\1.4.0\badak-core-1.4.0-tests.jar;C:\Users\reynaldo.nathanael\.m2\repository\org\projectlombok\lombok\1.16.18\lombok-1.16.18.jar;C:\Users\reynaldo.nathanael\.m2\repository\net\serenity-bdd\serenity-spring\1.9.31\serenity-spring-1.9.31.jar;C:\Users\reynaldo.nathanael\.m2\repository\com\google\guava\guava\25.0-jre\guava-25.0-jre.jar;C:\Users\reynaldo.nathanael\.m2\repository\com\google\code\findbugs\jsr305\1.3.9\jsr305-1.3.9.jar;C:\Users\reynaldo.nathanael\.m2\repository\org\checkerframework\checker-compat-qual\2.0.0\checker-compat-qual-2.0.0.jar;C:\Users\reynaldo.nathanael\.m2\repository\com\google\errorprone\error_prone_annotations\2.1.3\error_prone_annotations-2.1.3.jar;C:\Users\reynaldo.nathanael\.m2\repository\com\google\j2objc\j2objc-annotations\1.1\j2objc-annotations-1.1.jar;C:\Users\reynaldo.nathanael\.m2\repository\org\codehaus\mojo\animal-sniffer-annotations\1.14\animal-sniffer-annotations-1.14.jar;C:\Users\reynaldo.nathanael\.m2\repository\com\google\inject\guice\4.2.0\guice-4.2.0.jar;C:\Users\reynaldo.nathanael\.m2\repository\javax\inject\javax.inject\1\javax.inject-1.jar;C:\Users\reynaldo.nathanael\.m2\repository\aopalliance\aopalliance\1.0\aopalliance-1.0.jar;C:\Users\reynaldo.nathanael\.m2\repository\cglib\cglib\3.2.5\cglib-3.2.5.jar;C:\Users\reynaldo.nathanael\.m2\repository\org\apache\ant\ant\1.9.6\ant-1.9.6.jar;C:\Users\reynaldo.nathanael\.m2\repository\org\apache\ant\ant-launcher\1.9.6\ant-launcher-1.9.6.jar;C:\Users\reynaldo.nathanael\.m2\repository\org\ow2\asm\asm\5.0.3\asm-5.0.3.jar;C:\Users\reynaldo.nathanael\.m2\repository\commons-codec\commons-codec\1.10\commons-codec-1.10.jar;C:\Users\reynaldo.nathanael\.m2\repository\xml-apis\xml-apis\1.4.01\xml-apis-1.4.01.jar;C:\Users\reynaldo.nathanael\.m2\repository\io\cucumber\cucumber-core\2.4.0\cucumber-core-2.4.0.jar;C:\Users\reynaldo.nathanael\.m2\repository\info\cukes\cucumber-html\0.2.6\cucumber-html-0.2.6.jar;C:\Users\reynaldo.nathanael\.m2\repository\io\cucumber\cucumber-jvm-deps\1.0.6\cucumber-jvm-deps-1.0.6.jar;C:\Users\reynaldo.nathanael\.m2\repository\io\cucumber\gherkin\5.0.0\gherkin-5.0.0.jar;C:\Users\reynaldo.nathanael\.m2\repository\io\cucumber\tag-expressions\1.1.1\tag-expressions-1.1.1.jar;C:\Users\reynaldo.nathanael\.m2\repository\commons-logging\commons-logging\1.2\commons-logging-1.2.jar;C:\Users\reynaldo.nathanael\.m2\repository\net\bytebuddy\byte-buddy\1.8.12\byte-buddy-1.8.12.jar;C:\Users\reynaldo.nathanael\.m2\repository\io\vavr\vavr\0.9.0\vavr-0.9.0.jar;C:\Users\reynaldo.nathanael\.m2\repository\io\vavr\vavr-match\0.9.0\vavr-match-0.9.0.jar;C:\Users\reynaldo.nathanael\.m2\repository\net\serenity-bdd\serenity-core\1.9.31\serenity-core-1.9.31.jar;C:\Users\reynaldo.nathanael\.m2\repository\net\serenity-bdd\serenity-report-resources\1.9.31\serenity-report-resources-1.9.31.jar;C:\Users\reynaldo.nathanael\.m2\repository\net\serenity-bdd\serenity-model\1.9.31\serenity-model-1.9.31.jar;C:\Users\reynaldo.nathanael\.m2\repository\net\serenity-bdd\serenity-reports\1.9.31\serenity-reports-1.9.31.jar;C:\Users\reynaldo.nathanael\.m2\repository\com\paulhammant\ngwebdriver\1.1.3\ngwebdriver-1.1.3.jar;C:\Users\reynaldo.nathanael\.m2\repository\com\codeborne\phantomjsdriver\1.4.4\phantomjsdriver-1.4.4.jar;C:\Users\reynaldo.nathanael\.m2\repository\io\appium\java-client\6.0.0-BETA5\java-client-6.0.0-BETA5.jar;C:\Users\reynaldo.nathanael\.m2\repository\commons-validator\commons-validator\1.6\commons-validator-1.6.jar;C:\Users\reynaldo.nathanael\.m2\repository\commons-digester\commons-digester\2.1\commons-digester-2.1.jar;C:\Users\reynaldo.nathanael\.m2\repository\org\aspectj\aspectjweaver\1.8.10\aspectjweaver-1.8.10.jar;C:\Users\reynaldo.nathanael\.m2\repository\org\openpnp\opencv\3.2.0-1\opencv-3.2.0-1.jar;C:\Users\reynaldo.nathanael\.m2\repository\javax\websocket\javax.websocket-api\1.1\javax.websocket-api-1.1.jar;C:\Users\reynaldo.nathanael\.m2\repository\org\glassfish\tyrus\tyrus-client\1.1\tyrus-client-1.1.jar;C:\Users\reynaldo.nathanael\.m2\repository\org\glassfish\tyrus\tyrus-core\1.1\tyrus-core-1.1.jar;C:\Users\reynaldo.nathanael\.m2\repository\org\glassfish\tyrus\tyrus-spi\1.1\tyrus-spi-1.1.jar;C:\Users\reynaldo.nathanael\.m2\repository\org\glassfish\tyrus\tyrus-websocket-core\1.1\tyrus-websocket-core-1.1.jar;C:\Users\reynaldo.nathanael\.m2\repository\org\glassfish\tyrus\tyrus-container-grizzly\1.1\tyrus-container-grizzly-1.1.jar;C:\Users\reynaldo.nathanael\.m2\repository\org\glassfish\grizzly\grizzly-framework\2.3.3\grizzly-framework-2.3.3.jar;C:\Users\reynaldo.nathanael\.m2\repository\org\glassfish\grizzly\grizzly-http-server\2.3.3\grizzly-http-server-2.3.3.jar;C:\Users\reynaldo.nathanael\.m2\repository\org\glassfish\grizzly\grizzly-http\2.3.3\grizzly-http-2.3.3.jar;C:\Users\reynaldo.nathanael\.m2\repository\org\glassfish\grizzly\grizzly-rcm\2.3.3\grizzly-rcm-2.3.3.jar;C:\Users\reynaldo.nathanael\.m2\repository\net\sf\opencsv\opencsv\2.0\opencsv-2.0.jar;C:\Users\reynaldo.nathanael\.m2\repository\commons-beanutils\commons-beanutils-core\1.8.3\commons-beanutils-core-1.8.3.jar;C:\Users\reynaldo.nathanael\.m2\repository\com\thoughtworks\xstream\xstream\1.4.9\xstream-1.4.9.jar;C:\Users\reynaldo.nathanael\.m2\repository\xmlpull\xmlpull\1.1.3.1\xmlpull-1.1.3.1.jar;C:\Users\reynaldo.nathanael\.m2\repository\xpp3\xpp3_min\1.1.4c\xpp3_min-1.1.4c.jar;C:\Users\reynaldo.nathanael\.m2\repository\commons-collections\commons-collections\3.2.2\commons-collections-3.2.2.jar;C:\Users\reynaldo.nathanael\.m2\repository\org\freemarker\freemarker\2.3.26-incubating\freemarker-2.3.26-incubating.jar;C:\Users\reynaldo.nathanael\.m2\repository\net\sourceforge\jexcelapi\jxl\2.6.12\jxl-2.6.12.jar;C:\Users\reynaldo.nathanael\.m2\repository\org\fluentlenium\fluentlenium-core\0.10.2\fluentlenium-core-0.10.2.jar;C:\Users\reynaldo.nathanael\.m2\repository\com\jhlabs\filters\2.0.235\filters-2.0.235.jar;C:\Users\reynaldo.nathanael\.m2\repository\org\asciidoctor\asciidoctorj\1.5.5\asciidoctorj-1.5.5.jar;C:\Users\reynaldo.nathanael\.m2\repository\org\jruby\jruby-complete\1.7.26\jruby-complete-1.7.26.jar;C:\Users\reynaldo.nathanael\.m2\repository\org\imgscalr\imgscalr-lib\4.2\imgscalr-lib-4.2.jar;C:\Users\reynaldo.nathanael\.m2\repository\javax\el\javax.el-api\2.2.4\javax.el-api-2.2.4.jar;C:\Users\reynaldo.nathanael\.m2\repository\org\glassfish\web\javax.el\2.2.4\javax.el-2.2.4.jar;C:\Users\reynaldo.nathanael\.m2\repository\org\awaitility\awaitility\3.1.0\awaitility-3.1.0.jar;C:\Users\reynaldo.nathanael\.m2\repository\com\typesafe\config\1.3.1\config-1.3.1.jar;C:\Users\reynaldo.nathanael\.m2\repository\com\google\jimfs\jimfs\1.1\jimfs-1.1.jar;C:\Users\reynaldo.nathanael\.m2\repository\es\nitaur\markdown\txtmark\0.16\txtmark-0.16.jar;C:\Users\reynaldo.nathanael\.m2\repository\com\vladsch\flexmark\flexmark-all\0.26.4\flexmark-all-0.26.4.jar;C:\Users\reynaldo.nathanael\.m2\repository\com\vladsch\flexmark\flexmark\0.26.4\flexmark-0.26.4.jar;C:\Users\reynaldo.nathanael\.m2\repository\com\vladsch\flexmark\flexmark-ext-abbreviation\0.26.4\flexmark-ext-abbreviation-0.26.4.jar;C:\Users\reynaldo.nathanael\.m2\repository\com\vladsch\flexmark\flexmark-ext-anchorlink\0.26.4\flexmark-ext-anchorlink-0.26.4.jar;C:\Users\reynaldo.nathanael\.m2\repository\com\vladsch\flexmark\flexmark-ext-aside\0.26.4\flexmark-ext-aside-0.26.4.jar;C:\Users\reynaldo.nathanael\.m2\repository\com\vladsch\flexmark\flexmark-ext-autolink\0.26.4\flexmark-ext-autolink-0.26.4.jar;C:\Users\reynaldo.nathanael\.m2\repository\org\nibor\autolink\autolink\0.6.0\autolink-0.6.0.jar;C:\Users\reynaldo.nathanael\.m2\repository\com\vladsch\flexmark\flexmark-ext-definition\0.26.4\flexmark-ext-definition-0.26.4.jar;C:\Users\reynaldo.nathanael\.m2\repository\com\vladsch\flexmark\flexmark-ext-emoji\0.26.4\flexmark-ext-emoji-0.26.4.jar;C:\Users\reynaldo.nathanael\.m2\repository\com\vladsch\flexmark\flexmark-ext-escaped-character\0.26.4\flexmark-ext-escaped-character-0.26.4.jar;C:\Users\reynaldo.nathanael\.m2\repository\com\vladsch\flexmark\flexmark-ext-footnotes\0.26.4\flexmark-ext-footnotes-0.26.4.jar;C:\Users\reynaldo.nathanael\.m2\repository\com\vladsch\flexmark\flexmark-ext-gfm-issues\0.26.4\flexmark-ext-gfm-issues-0.26.4.jar;C:\Users\reynaldo.nathanael\.m2\repository\com\vladsch\flexmark\flexmark-ext-gfm-strikethrough\0.26.4\flexmark-ext-gfm-strikethrough-0.26.4.jar;C:\Users\reynaldo.nathanael\.m2\repository\com\vladsch\flexmark\flexmark-ext-gfm-tables\0.26.4\flexmark-ext-gfm-tables-0.26.4.jar;C:\Users\reynaldo.nathanael\.m2\repository\com\vladsch\flexmark\flexmark-ext-gfm-tasklist\0.26.4\flexmark-ext-gfm-tasklist-0.26.4.jar;C:\Users\reynaldo.nathanael\.m2\repository\com\vladsch\flexmark\flexmark-ext-gfm-users\0.26.4\flexmark-ext-gfm-users-0.26.4.jar;C:\Users\reynaldo.nathanael\.m2\repository\com\vladsch\flexmark\flexmark-ext-jekyll-front-matter\0.26.4\flexmark-ext-jekyll-front-matter-0.26.4.jar;C:\Users\reynaldo.nathanael\.m2\repository\com\vladsch\flexmark\flexmark-ext-jekyll-tag\0.26.4\flexmark-ext-jekyll-tag-0.26.4.jar;C:\Users\reynaldo.nathanael\.m2\repository\com\vladsch\flexmark\flexmark-ext-ins\0.26.4\flexmark-ext-ins-0.26.4.jar;C:\Users\reynaldo.nathanael\.m2\repository\com\vladsch\flexmark\flexmark-ext-xwiki-macros\0.26.4\flexmark-ext-xwiki-macros-0.26.4.jar;C:\Users\reynaldo.nathanael\.m2\repository\com\vladsch\flexmark\flexmark-ext-superscript\0.26.4\flexmark-ext-superscript-0.26.4.jar;C:\Users\reynaldo.nathanael\.m2\repository\com\vladsch\flexmark\flexmark-ext-tables\0.26.4\flexmark-ext-tables-0.26.4.jar;C:\Users\reynaldo.nathanael\.m2\repository\com\vladsch\flexmark\flexmark-ext-toc\0.26.4\flexmark-ext-toc-0.26.4.jar;C:\Users\reynaldo.nathanael\.m2\repository\com\vladsch\flexmark\flexmark-ext-typographic\0.26.4\flexmark-ext-typographic-0.26.4.jar;C:\Users\reynaldo.nathanael\.m2\repository\com\vladsch\flexmark\flexmark-ext-wikilink\0.26.4\flexmark-ext-wikilink-0.26.4.jar;C:\Users\reynaldo.nathanael\.m2\repository\com\vladsch\flexmark\flexmark-ext-yaml-front-matter\0.26.4\flexmark-ext-yaml-front-matter-0.26.4.jar;C:\Users\reynaldo.nathanael\.m2\repository\com\vladsch\flexmark\flexmark-formatter\0.26.4\flexmark-formatter-0.26.4.jar;C:\Users\reynaldo.nathanael\.m2\repository\com\vladsch\flexmark\flexmark-html-parser\0.26.4\flexmark-html-parser-0.26.4.jar;C:\Users\reynaldo.nathanael\.m2\repository\com\vladsch\flexmark\flexmark-jira-converter\0.26.4\flexmark-jira-converter-0.26.4.jar;C:\Users\reynaldo.nathanael\.m2\repository\com\vladsch\flexmark\flexmark-pdf-converter\0.26.4\flexmark-pdf-converter-0.26.4.jar;C:\Users\reynaldo.nathanael\.m2\repository\com\openhtmltopdf\openhtmltopdf-core\0.0.1-RC9\openhtmltopdf-core-0.0.1-RC9.jar;C:\Users\reynaldo.nathanael\.m2\repository\com\openhtmltopdf\openhtmltopdf-pdfbox\0.0.1-RC9\openhtmltopdf-pdfbox-0.0.1-RC9.jar;C:\Users\reynaldo.nathanael\.m2\repository\org\apache\pdfbox\pdfbox\2.0.4\pdfbox-2.0.4.jar;C:\Users\reynaldo.nathanael\.m2\repository\org\apache\pdfbox\fontbox\2.0.4\fontbox-2.0.4.jar;C:\Users\reynaldo.nathanael\.m2\repository\com\openhtmltopdf\openhtmltopdf-rtl-support\0.0.1-RC9\openhtmltopdf-rtl-support-0.0.1-RC9.jar;C:\Users\reynaldo.nathanael\.m2\repository\com\ibm\icu\icu4j\58.1\icu4j-58.1.jar;C:\Users\reynaldo.nathanael\.m2\repository\com\openhtmltopdf\openhtmltopdf-jsoup-dom-converter\0.0.1-RC9\openhtmltopdf-jsoup-dom-converter-0.0.1-RC9.jar;C:\Users\reynaldo.nathanael\.m2\repository\com\vladsch\flexmark\flexmark-profile-pegdown\0.26.4\flexmark-profile-pegdown-0.26.4.jar;C:\Users\reynaldo.nathanael\.m2\repository\com\vladsch\flexmark\flexmark-util\0.26.4\flexmark-util-0.26.4.jar;C:\Users\reynaldo.nathanael\.m2\repository\com\vladsch\flexmark\flexmark-youtrack-converter\0.26.4\flexmark-youtrack-converter-0.26.4.jar;C:\Users\reynaldo.nathanael\.m2\repository\net\serenity-bdd\serenity-junit\1.9.31\serenity-junit-1.9.31.jar;C:\Users\reynaldo.nathanael\.m2\repository\org\springframework\spring-context\4.3.10.RELEASE\spring-context-4.3.10.RELEASE.jar;C:\Users\reynaldo.nathanael\.m2\repository\org\springframework\spring-context-support\4.3.10.RELEASE\spring-context-support-4.3.10.RELEASE.jar;"/>
    <property name="java.vm.vendor" value="Oracle Corporation"/>
    <property name="sun.arch.data.model" value="64"/>
    <property name="user.variant" value=""/>
    <property name="java.vendor.url" value="http://java.oracle.com/"/>
    <property name="user.timezone" value="Asia/Bangkok"/>
    <property name="java.vm.specification.version" value="1.8"/>
    <property name="os.name" value="Windows 7"/>
    <property name="user.country" value="US"/>
    <property name="sun.java.launcher" value="SUN_STANDARD"/>
    <property name="sun.boot.library.path" value="C:\Program Files\Java\jdk1.8.0_181\jre\bin"/>
    <property name="sun.java.command" value="C:\Users\REYNAL~1.NAT\AppData\Local\Temp\surefire8433480985974240031\surefirebooter3261047840368600487.jar C:\Users\reynaldo.nathanael\AppData\Local\Temp\surefire8433480985974240031 2018-08-13T14-01-45_182-jvmRun1 surefire491120230218043262tmp surefire_06043365789479507820tmp"/>
    <property name="surefire.test.class.path" value="C:\Users\reynaldo.nathanael\Documents\ui-training\target\test-classes;C:\Users\reynaldo.nathanael\Documents\ui-training\target\ui-training-1.0-SNAPSHOT.jar;C:\Users\reynaldo.nathanael\.m2\repository\org\springframework\boot\spring-boot-starter-web\1.5.6.RELEASE\spring-boot-starter-web-1.5.6.RELEASE.jar;C:\Users\reynaldo.nathanael\.m2\repository\org\springframework\boot\spring-boot-starter\1.5.6.RELEASE\spring-boot-starter-1.5.6.RELEASE.jar;C:\Users\reynaldo.nathanael\.m2\repository\org\springframework\boot\spring-boot\1.5.6.RELEASE\spring-boot-1.5.6.RELEASE.jar;C:\Users\reynaldo.nathanael\.m2\repository\org\springframework\boot\spring-boot-autoconfigure\1.5.6.RELEASE\spring-boot-autoconfigure-1.5.6.RELEASE.jar;C:\Users\reynaldo.nathanael\.m2\repository\org\springframework\boot\spring-boot-starter-logging\1.5.6.RELEASE\spring-boot-starter-logging-1.5.6.RELEASE.jar;C:\Users\reynaldo.nathanael\.m2\repository\org\slf4j\jul-to-slf4j\1.7.25\jul-to-slf4j-1.7.25.jar;C:\Users\reynaldo.nathanael\.m2\repository\org\yaml\snakeyaml\1.17\snakeyaml-1.17.jar;C:\Users\reynaldo.nathanael\.m2\repository\org\springframework\boot\spring-boot-starter-tomcat\1.5.6.RELEASE\spring-boot-starter-tomcat-1.5.6.RELEASE.jar;C:\Users\reynaldo.nathanael\.m2\repository\org\apache\tomcat\embed\tomcat-embed-core\8.5.16\tomcat-embed-core-8.5.16.jar;C:\Users\reynaldo.nathanael\.m2\repository\org\apache\tomcat\embed\tomcat-embed-el\8.5.16\tomcat-embed-el-8.5.16.jar;C:\Users\reynaldo.nathanael\.m2\repository\org\apache\tomcat\embed\tomcat-embed-websocket\8.5.16\tomcat-embed-websocket-8.5.16.jar;C:\Users\reynaldo.nathanael\.m2\repository\org\hibernate\hibernate-validator\5.3.5.Final\hibernate-validator-5.3.5.Final.jar;C:\Users\reynaldo.nathanael\.m2\repository\javax\validation\validation-api\1.1.0.Final\validation-api-1.1.0.Final.jar;C:\Users\reynaldo.nathanael\.m2\repository\org\jboss\logging\jboss-logging\3.3.1.Final\jboss-logging-3.3.1.Final.jar;C:\Users\reynaldo.nathanael\.m2\repository\com\fasterxml\classmate\1.3.3\classmate-1.3.3.jar;C:\Users\reynaldo.nathanael\.m2\repository\com\fasterxml\jackson\core\jackson-databind\2.8.9\jackson-databind-2.8.9.jar;C:\Users\reynaldo.nathanael\.m2\repository\com\fasterxml\jackson\core\jackson-annotations\2.8.0\jackson-annotations-2.8.0.jar;C:\Users\reynaldo.nathanael\.m2\repository\com\fasterxml\jackson\core\jackson-core\2.8.9\jackson-core-2.8.9.jar;C:\Users\reynaldo.nathanael\.m2\repository\org\springframework\spring-web\4.3.10.RELEASE\spring-web-4.3.10.RELEASE.jar;C:\Users\reynaldo.nathanael\.m2\repository\org\springframework\spring-aop\4.3.10.RELEASE\spring-aop-4.3.10.RELEASE.jar;C:\Users\reynaldo.nathanael\.m2\repository\org\springframework\spring-beans\4.3.10.RELEASE\spring-beans-4.3.10.RELEASE.jar;C:\Users\reynaldo.nathanael\.m2\repository\org\springframework\spring-webmvc\4.3.10.RELEASE\spring-webmvc-4.3.10.RELEASE.jar;C:\Users\reynaldo.nathanael\.m2\repository\org\springframework\spring-expression\4.3.10.RELEASE\spring-expression-4.3.10.RELEASE.jar;C:\Users\reynaldo.nathanael\.m2\repository\org\springframework\boot\spring-boot-starter-test\1.5.6.RELEASE\spring-boot-starter-test-1.5.6.RELEASE.jar;C:\Users\reynaldo.nathanael\.m2\repository\org\springframework\boot\spring-boot-test\1.5.6.RELEASE\spring-boot-test-1.5.6.RELEASE.jar;C:\Users\reynaldo.nathanael\.m2\repository\org\springframework\boot\spring-boot-test-autoconfigure\1.5.6.RELEASE\spring-boot-test-autoconfigure-1.5.6.RELEASE.jar;C:\Users\reynaldo.nathanael\.m2\repository\com\jayway\jsonpath\json-path\2.2.0\json-path-2.2.0.jar;C:\Users\reynaldo.nathanael\.m2\repository\net\minidev\json-smart\2.2.1\json-smart-2.2.1.jar;C:\Users\reynaldo.nathanael\.m2\repository\net\minidev\accessors-smart\1.1\accessors-smart-1.1.jar;C:\Users\reynaldo.nathanael\.m2\repository\junit\junit\4.12\junit-4.12.jar;C:\Users\reynaldo.nathanael\.m2\repository\org\assertj\assertj-core\2.6.0\assertj-core-2.6.0.jar;C:\Users\reynaldo.nathanael\.m2\repository\org\mockito\mockito-core\1.10.19\mockito-core-1.10.19.jar;C:\Users\reynaldo.nathanael\.m2\repository\org\hamcrest\hamcrest-core\1.3\hamcrest-core-1.3.jar;C:\Users\reynaldo.nathanael\.m2\repository\org\hamcrest\hamcrest-library\1.3\hamcrest-library-1.3.jar;C:\Users\reynaldo.nathanael\.m2\repository\org\skyscreamer\jsonassert\1.4.0\jsonassert-1.4.0.jar;C:\Users\reynaldo.nathanael\.m2\repository\org\springframework\spring-core\4.3.10.RELEASE\spring-core-4.3.10.RELEASE.jar;C:\Users\reynaldo.nathanael\.m2\repository\org\springframework\spring-test\4.3.10.RELEASE\spring-test-4.3.10.RELEASE.jar;C:\Users\reynaldo.nathanael\.m2\repository\org\springframework\boot\spring-boot-starter-mustache\1.5.6.RELEASE\spring-boot-starter-mustache-1.5.6.RELEASE.jar;C:\Users\reynaldo.nathanael\.m2\repository\com\samskivert\jmustache\1.13\jmustache-1.13.jar;C:\Users\reynaldo.nathanael\.m2\repository\org\springframework\boot\spring-boot-configuration-processor\1.5.6.RELEASE\spring-boot-configuration-processor-1.5.6.RELEASE.jar;C:\Users\reynaldo.nathanael\.m2\repository\com\vaadin\external\google\android-json\0.0.20131108.vaadin1\android-json-0.0.20131108.vaadin1.jar;C:\Users\reynaldo.nathanael\.m2\repository\com\gdn\x\member\member-rest-web-model\1.19.0-3\member-rest-web-model-1.19.0-3.jar;C:\Users\reynaldo.nathanael\.m2\repository\com\gdn\gdn-common-client-sdk\2.5.0-1\gdn-common-client-sdk-2.5.0-1.jar;C:\Users\reynaldo.nathanael\.m2\repository\commons-beanutils\commons-beanutils\1.9.3\commons-beanutils-1.9.3.jar;C:\Users\reynaldo.nathanael\.m2\repository\com\fasterxml\jackson\dataformat\jackson-dataformat-xml\2.8.9\jackson-dataformat-xml-2.8.9.jar;C:\Users\reynaldo.nathanael\.m2\repository\com\fasterxml\jackson\module\jackson-module-jaxb-annotations\2.8.9\jackson-module-jaxb-annotations-2.8.9.jar;C:\Users\reynaldo.nathanael\.m2\repository\org\codehaus\woodstox\stax2-api\3.1.4\stax2-api-3.1.4.jar;C:\Users\reynaldo.nathanael\.m2\repository\com\fasterxml\woodstox\woodstox-core\5.0.3\woodstox-core-5.0.3.jar;C:\Users\reynaldo.nathanael\.m2\repository\com\gdn\x\member\member-base-model\1.19.0-3\member-base-model-1.19.0-3.jar;C:\Users\reynaldo.nathanael\.m2\repository\net\karneim\pojobuilder\3.6.0\pojobuilder-3.6.0.jar;C:\Users\reynaldo.nathanael\.m2\repository\com\squareup\javawriter\2.5.0\javawriter-2.5.0.jar;C:\Users\reynaldo.nathanael\.m2\repository\org\apache\commons\commons-lang3\3.3.2\commons-lang3-3.3.2.jar;C:\Users\reynaldo.nathanael\.m2\repository\joda-time\joda-time\2.9.9\joda-time-2.9.9.jar;C:\Users\reynaldo.nathanael\.m2\repository\org\slf4j\jcl-over-slf4j\1.7.25\jcl-over-slf4j-1.7.25.jar;C:\Users\reynaldo.nathanael\.m2\repository\org\slf4j\slf4j-api\1.7.25\slf4j-api-1.7.25.jar;C:\Users\reynaldo.nathanael\.m2\repository\ch\qos\logback\logback-core\1.1.11\logback-core-1.1.11.jar;C:\Users\reynaldo.nathanael\.m2\repository\ch\qos\logback\logback-classic\1.1.11\logback-classic-1.1.11.jar;C:\Users\reynaldo.nathanael\.m2\repository\com\gdn\x\cart\cart-rest-web-model\2.46.0-15\cart-rest-web-model-2.46.0-15.jar;C:\Users\reynaldo.nathanael\.m2\repository\com\gdn\x\cart\cart-master-model\2.46.0-15\cart-master-model-2.46.0-15.jar;C:\Users\reynaldo.nathanael\.m2\repository\com\gdn\gdn-common-helper\4.4.0-1\gdn-common-helper-4.4.0-1.jar;C:\Users\reynaldo.nathanael\.m2\repository\org\slf4j\log4j-over-slf4j\1.7.25\log4j-over-slf4j-1.7.25.jar;C:\Users\reynaldo.nathanael\.m2\repository\net\sf\dozer\dozer\5.4.0\dozer-5.4.0.jar;C:\Users\reynaldo.nathanael\.m2\repository\com\googlecode\lambdaj\lambdaj\2.3.3\lambdaj-2.3.3.jar;C:\Users\reynaldo.nathanael\.m2\repository\org\hamcrest\hamcrest-all\1.1\hamcrest-all-1.1.jar;C:\Users\reynaldo.nathanael\.m2\repository\org\objenesis\objenesis\1.2\objenesis-1.2.jar;C:\Users\reynaldo.nathanael\.m2\repository\cglib\cglib-nodep\2.2\cglib-nodep-2.2.jar;C:\Users\reynaldo.nathanael\.m2\repository\com\gdn\qa\automation\core\badak-core\1.4.0\badak-core-1.4.0.jar;C:\Users\reynaldo.nathanael\.m2\repository\io\github\bonigarcia\webdrivermanager\2.2.4\webdrivermanager-2.2.4.jar;C:\Users\reynaldo.nathanael\.m2\repository\commons-io\commons-io\2.6\commons-io-2.6.jar;C:\Users\reynaldo.nathanael\.m2\repository\org\apache\httpcomponents\httpclient\4.5.3\httpclient-4.5.3.jar;C:\Users\reynaldo.nathanael\.m2\repository\org\rauschig\jarchivelib\0.8.0\jarchivelib-0.8.0.jar;C:\Users\reynaldo.nathanael\.m2\repository\org\apache\commons\commons-compress\1.14\commons-compress-1.14.jar;C:\Users\reynaldo.nathanael\.m2\repository\org\jsoup\jsoup\1.11.3\jsoup-1.11.3.jar;C:\Users\reynaldo.nathanael\.m2\repository\io\rest-assured\json-schema-validator\3.1.0\json-schema-validator-3.1.0.jar;C:\Users\reynaldo.nathanael\.m2\repository\com\github\fge\json-schema-validator\2.2.6\json-schema-validator-2.2.6.jar;C:\Users\reynaldo.nathanael\.m2\repository\com\googlecode\libphonenumber\libphonenumber\6.2\libphonenumber-6.2.jar;C:\Users\reynaldo.nathanael\.m2\repository\com\github\fge\json-schema-core\1.2.5\json-schema-core-1.2.5.jar;C:\Users\reynaldo.nathanael\.m2\repository\com\github\fge\uri-template\0.9\uri-template-0.9.jar;C:\Users\reynaldo.nathanael\.m2\repository\com\github\fge\msg-simple\1.1\msg-simple-1.1.jar;C:\Users\reynaldo.nathanael\.m2\repository\com\github\fge\btf\1.2\btf-1.2.jar;C:\Users\reynaldo.nathanael\.m2\repository\com\github\fge\jackson-coreutils\1.8\jackson-coreutils-1.8.jar;C:\Users\reynaldo.nathanael\.m2\repository\org\mozilla\rhino\1.7R4\rhino-1.7R4.jar;C:\Users\reynaldo.nathanael\.m2\repository\javax\mail\mailapi\1.4.3\mailapi-1.4.3.jar;C:\Users\reynaldo.nathanael\.m2\repository\javax\activation\activation\1.1\activation-1.1.jar;C:\Users\reynaldo.nathanael\.m2\repository\net\sf\jopt-simple\jopt-simple\4.6\jopt-simple-4.6.jar;C:\Users\reynaldo.nathanael\.m2\repository\org\seleniumhq\selenium\selenium-server\3.13.0\selenium-server-3.13.0.jar;C:\Users\reynaldo.nathanael\.m2\repository\org\seleniumhq\selenium\selenium-java\3.13.0\selenium-java-3.13.0.jar;C:\Users\reynaldo.nathanael\.m2\repository\org\seleniumhq\selenium\selenium-api\3.13.0\selenium-api-3.13.0.jar;C:\Users\reynaldo.nathanael\.m2\repository\org\seleniumhq\selenium\selenium-chrome-driver\3.13.0\selenium-chrome-driver-3.13.0.jar;C:\Users\reynaldo.nathanael\.m2\repository\org\seleniumhq\selenium\selenium-edge-driver\3.13.0\selenium-edge-driver-3.13.0.jar;C:\Users\reynaldo.nathanael\.m2\repository\org\seleniumhq\selenium\selenium-firefox-driver\3.13.0\selenium-firefox-driver-3.13.0.jar;C:\Users\reynaldo.nathanael\.m2\repository\org\seleniumhq\selenium\selenium-ie-driver\3.13.0\selenium-ie-driver-3.13.0.jar;C:\Users\reynaldo.nathanael\.m2\repository\org\seleniumhq\selenium\selenium-opera-driver\3.13.0\selenium-opera-driver-3.13.0.jar;C:\Users\reynaldo.nathanael\.m2\repository\org\seleniumhq\selenium\selenium-remote-driver\3.13.0\selenium-remote-driver-3.13.0.jar;C:\Users\reynaldo.nathanael\.m2\repository\org\seleniumhq\selenium\selenium-safari-driver\3.13.0\selenium-safari-driver-3.13.0.jar;C:\Users\reynaldo.nathanael\.m2\repository\org\seleniumhq\selenium\selenium-support\3.13.0\selenium-support-3.13.0.jar;C:\Users\reynaldo.nathanael\.m2\repository\com\beust\jcommander\1.72\jcommander-1.72.jar;C:\Users\reynaldo.nathanael\.m2\repository\org\apache\commons\commons-exec\1.3\commons-exec-1.3.jar;C:\Users\reynaldo.nathanael\.m2\repository\org\apache\commons\commons-text\1.1\commons-text-1.1.jar;C:\Users\reynaldo.nathanael\.m2\repository\commons-net\commons-net\3.6\commons-net-3.6.jar;C:\Users\reynaldo.nathanael\.m2\repository\net\sourceforge\htmlunit\htmlunit\2.21\htmlunit-2.21.jar;C:\Users\reynaldo.nathanael\.m2\repository\net\sourceforge\cssparser\cssparser\0.9.18\cssparser-0.9.18.jar;C:\Users\reynaldo.nathanael\.m2\repository\org\w3c\css\sac\1.3\sac-1.3.jar;C:\Users\reynaldo.nathanael\.m2\repository\net\sourceforge\htmlunit\htmlunit-core-js\2.28\htmlunit-core-js-2.28.jar;C:\Users\reynaldo.nathanael\.m2\repository\net\sourceforge\htmlunit\htmlunit-cssparser\1.0.0\htmlunit-cssparser-1.0.0.jar;C:\Users\reynaldo.nathanael\.m2\repository\net\sourceforge\htmlunit\neko-htmlunit\2.30\neko-htmlunit-2.30.jar;C:\Users\reynaldo.nathanael\.m2\repository\org\apache\httpcomponents\httpcore\4.4.6\httpcore-4.4.6.jar;C:\Users\reynaldo.nathanael\.m2\repository\org\apache\httpcomponents\httpmime\4.5.3\httpmime-4.5.3.jar;C:\Users\reynaldo.nathanael\.m2\repository\net\jcip\jcip-annotations\1.0\jcip-annotations-1.0.jar;C:\Users\reynaldo.nathanael\.m2\repository\org\seleniumhq\selenium\jetty-repacked\9.4.7.v20171121\jetty-repacked-9.4.7.v20171121.jar;C:\Users\reynaldo.nathanael\.m2\repository\org\eclipse\jetty\jetty-client\9.4.6.v20170531\jetty-client-9.4.6.v20170531.jar;C:\Users\reynaldo.nathanael\.m2\repository\org\eclipse\jetty\jetty-http\9.4.6.v20170531\jetty-http-9.4.6.v20170531.jar;C:\Users\reynaldo.nathanael\.m2\repository\org\eclipse\jetty\jetty-io\9.4.6.v20170531\jetty-io-9.4.6.v20170531.jar;C:\Users\reynaldo.nathanael\.m2\repository\org\eclipse\jetty\jetty-util\9.4.6.v20170531\jetty-util-9.4.6.v20170531.jar;C:\Users\reynaldo.nathanael\.m2\repository\org\eclipse\jetty\jetty-xml\9.4.6.v20170531\jetty-xml-9.4.6.v20170531.jar;C:\Users\reynaldo.nathanael\.m2\repository\com\squareup\okhttp3\okhttp\3.10.0\okhttp-3.10.0.jar;C:\Users\reynaldo.nathanael\.m2\repository\com\squareup\okio\okio\1.14.1\okio-1.14.1.jar;C:\Users\reynaldo.nathanael\.m2\repository\org\seleniumhq\selenium\htmlunit-driver\2.21\htmlunit-driver-2.21.jar;C:\Users\reynaldo.nathanael\.m2\repository\javax\servlet\javax.servlet-api\3.1.0\javax.servlet-api-3.1.0.jar;C:\Users\reynaldo.nathanael\.m2\repository\org\eclipse\jetty\websocket\websocket-api\9.4.7.v20170914\websocket-api-9.4.7.v20170914.jar;C:\Users\reynaldo.nathanael\.m2\repository\org\eclipse\jetty\websocket\websocket-client\9.4.6.v20170531\websocket-client-9.4.6.v20170531.jar;C:\Users\reynaldo.nathanael\.m2\repository\org\eclipse\jetty\websocket\websocket-common\9.4.7.v20170914\websocket-common-9.4.7.v20170914.jar;C:\Users\reynaldo.nathanael\.m2\repository\xalan\serializer\2.7.2\serializer-2.7.2.jar;C:\Users\reynaldo.nathanael\.m2\repository\xalan\xalan\2.7.2\xalan-2.7.2.jar;C:\Users\reynaldo.nathanael\.m2\repository\xerces\xercesImpl\2.11.0\xercesImpl-2.11.0.jar;C:\Users\reynaldo.nathanael\.m2\repository\com\google\code\gson\gson\2.8.1\gson-2.8.1.jar;C:\Users\reynaldo.nathanael\.m2\repository\net\serenity-bdd\serenity-cucumber\1.9.12\serenity-cucumber-1.9.12.jar;C:\Users\reynaldo.nathanael\.m2\repository\net\serenity-bdd\serenity-screenplay\1.9.30\serenity-screenplay-1.9.30.jar;C:\Users\reynaldo.nathanael\.m2\repository\net\serenity-bdd\serenity-screenplay-webdriver\1.9.30\serenity-screenplay-webdriver-1.9.30.jar;C:\Users\reynaldo.nathanael\.m2\repository\io\cucumber\cucumber-java\2.4.0\cucumber-java-2.4.0.jar;C:\Users\reynaldo.nathanael\.m2\repository\io\cucumber\cucumber-junit\2.4.0\cucumber-junit-2.4.0.jar;C:\Users\reynaldo.nathanael\.m2\repository\net\serenity-bdd\serenity-rest-assured\1.9.31\serenity-rest-assured-1.9.31.jar;C:\Users\reynaldo.nathanael\.m2\repository\io\rest-assured\rest-assured\3.0.5\rest-assured-3.0.5.jar;C:\Users\reynaldo.nathanael\.m2\repository\org\ccil\cowan\tagsoup\tagsoup\1.2.1\tagsoup-1.2.1.jar;C:\Users\reynaldo.nathanael\.m2\repository\io\rest-assured\json-path\3.0.5\json-path-3.0.5.jar;C:\Users\reynaldo.nathanael\.m2\repository\io\rest-assured\rest-assured-common\3.0.5\rest-assured-common-3.0.5.jar;C:\Users\reynaldo.nathanael\.m2\repository\io\rest-assured\xml-path\3.0.5\xml-path-3.0.5.jar;C:\Users\reynaldo.nathanael\.m2\repository\org\codehaus\groovy\groovy\2.4.12\groovy-2.4.12.jar;C:\Users\reynaldo.nathanael\.m2\repository\org\codehaus\groovy\groovy-xml\2.4.12\groovy-xml-2.4.12.jar;C:\Users\reynaldo.nathanael\.m2\repository\org\codehaus\groovy\groovy-json\2.4.12\groovy-json-2.4.12.jar;C:\Users\reynaldo.nathanael\.m2\repository\com\gdn\qa\automation\core\badak-core\1.4.0\badak-core-1.4.0-tests.jar;C:\Users\reynaldo.nathanael\.m2\repository\org\projectlombok\lombok\1.16.18\lombok-1.16.18.jar;C:\Users\reynaldo.nathanael\.m2\repository\net\serenity-bdd\serenity-spring\1.9.31\serenity-spring-1.9.31.jar;C:\Users\reynaldo.nathanael\.m2\repository\com\google\guava\guava\25.0-jre\guava-25.0-jre.jar;C:\Users\reynaldo.nathanael\.m2\repository\com\google\code\findbugs\jsr305\1.3.9\jsr305-1.3.9.jar;C:\Users\reynaldo.nathanael\.m2\repository\org\checkerframework\checker-compat-qual\2.0.0\checker-compat-qual-2.0.0.jar;C:\Users\reynaldo.nathanael\.m2\repository\com\google\errorprone\error_prone_annotations\2.1.3\error_prone_annotations-2.1.3.jar;C:\Users\reynaldo.nathanael\.m2\repository\com\google\j2objc\j2objc-annotations\1.1\j2objc-annotations-1.1.jar;C:\Users\reynaldo.nathanael\.m2\repository\org\codehaus\mojo\animal-sniffer-annotations\1.14\animal-sniffer-annotations-1.14.jar;C:\Users\reynaldo.nathanael\.m2\repository\com\google\inject\guice\4.2.0\guice-4.2.0.jar;C:\Users\reynaldo.nathanael\.m2\repository\javax\inject\javax.inject\1\javax.inject-1.jar;C:\Users\reynaldo.nathanael\.m2\repository\aopalliance\aopalliance\1.0\aopalliance-1.0.jar;C:\Users\reynaldo.nathanael\.m2\repository\cglib\cglib\3.2.5\cglib-3.2.5.jar;C:\Users\reynaldo.nathanael\.m2\repository\org\apache\ant\ant\1.9.6\ant-1.9.6.jar;C:\Users\reynaldo.nathanael\.m2\repository\org\apache\ant\ant-launcher\1.9.6\ant-launcher-1.9.6.jar;C:\Users\reynaldo.nathanael\.m2\repository\org\ow2\asm\asm\5.0.3\asm-5.0.3.jar;C:\Users\reynaldo.nathanael\.m2\repository\commons-codec\commons-codec\1.10\commons-codec-1.10.jar;C:\Users\reynaldo.nathanael\.m2\repository\xml-apis\xml-apis\1.4.01\xml-apis-1.4.01.jar;C:\Users\reynaldo.nathanael\.m2\repository\io\cucumber\cucumber-core\2.4.0\cucumber-core-2.4.0.jar;C:\Users\reynaldo.nathanael\.m2\repository\info\cukes\cucumber-html\0.2.6\cucumber-html-0.2.6.jar;C:\Users\reynaldo.nathanael\.m2\repository\io\cucumber\cucumber-jvm-deps\1.0.6\cucumber-jvm-deps-1.0.6.jar;C:\Users\reynaldo.nathanael\.m2\repository\io\cucumber\gherkin\5.0.0\gherkin-5.0.0.jar;C:\Users\reynaldo.nathanael\.m2\repository\io\cucumber\tag-expressions\1.1.1\tag-expressions-1.1.1.jar;C:\Users\reynaldo.nathanael\.m2\repository\commons-logging\commons-logging\1.2\commons-logging-1.2.jar;C:\Users\reynaldo.nathanael\.m2\repository\net\bytebuddy\byte-buddy\1.8.12\byte-buddy-1.8.12.jar;C:\Users\reynaldo.nathanael\.m2\repository\io\vavr\vavr\0.9.0\vavr-0.9.0.jar;C:\Users\reynaldo.nathanael\.m2\repository\io\vavr\vavr-match\0.9.0\vavr-match-0.9.0.jar;C:\Users\reynaldo.nathanael\.m2\repository\net\serenity-bdd\serenity-core\1.9.31\serenity-core-1.9.31.jar;C:\Users\reynaldo.nathanael\.m2\repository\net\serenity-bdd\serenity-report-resources\1.9.31\serenity-report-resources-1.9.31.jar;C:\Users\reynaldo.nathanael\.m2\repository\net\serenity-bdd\serenity-model\1.9.31\serenity-model-1.9.31.jar;C:\Users\reynaldo.nathanael\.m2\repository\net\serenity-bdd\serenity-reports\1.9.31\serenity-reports-1.9.31.jar;C:\Users\reynaldo.nathanael\.m2\repository\com\paulhammant\ngwebdriver\1.1.3\ngwebdriver-1.1.3.jar;C:\Users\reynaldo.nathanael\.m2\repository\com\codeborne\phantomjsdriver\1.4.4\phantomjsdriver-1.4.4.jar;C:\Users\reynaldo.nathanael\.m2\repository\io\appium\java-client\6.0.0-BETA5\java-client-6.0.0-BETA5.jar;C:\Users\reynaldo.nathanael\.m2\repository\commons-validator\commons-validator\1.6\commons-validator-1.6.jar;C:\Users\reynaldo.nathanael\.m2\repository\commons-digester\commons-digester\2.1\commons-digester-2.1.jar;C:\Users\reynaldo.nathanael\.m2\repository\org\aspectj\aspectjweaver\1.8.10\aspectjweaver-1.8.10.jar;C:\Users\reynaldo.nathanael\.m2\repository\org\openpnp\opencv\3.2.0-1\opencv-3.2.0-1.jar;C:\Users\reynaldo.nathanael\.m2\repository\javax\websocket\javax.websocket-api\1.1\javax.websocket-api-1.1.jar;C:\Users\reynaldo.nathanael\.m2\repository\org\glassfish\tyrus\tyrus-client\1.1\tyrus-client-1.1.jar;C:\Users\reynaldo.nathanael\.m2\repository\org\glassfish\tyrus\tyrus-core\1.1\tyrus-core-1.1.jar;C:\Users\reynaldo.nathanael\.m2\repository\org\glassfish\tyrus\tyrus-spi\1.1\tyrus-spi-1.1.jar;C:\Users\reynaldo.nathanael\.m2\repository\org\glassfish\tyrus\tyrus-websocket-core\1.1\tyrus-websocket-core-1.1.jar;C:\Users\reynaldo.nathanael\.m2\repository\org\glassfish\tyrus\tyrus-container-grizzly\1.1\tyrus-container-grizzly-1.1.jar;C:\Users\reynaldo.nathanael\.m2\repository\org\glassfish\grizzly\grizzly-framework\2.3.3\grizzly-framework-2.3.3.jar;C:\Users\reynaldo.nathanael\.m2\repository\org\glassfish\grizzly\grizzly-http-server\2.3.3\grizzly-http-server-2.3.3.jar;C:\Users\reynaldo.nathanael\.m2\repository\org\glassfish\grizzly\grizzly-http\2.3.3\grizzly-http-2.3.3.jar;C:\Users\reynaldo.nathanael\.m2\repository\org\glassfish\grizzly\grizzly-rcm\2.3.3\grizzly-rcm-2.3.3.jar;C:\Users\reynaldo.nathanael\.m2\repository\net\sf\opencsv\opencsv\2.0\opencsv-2.0.jar;C:\Users\reynaldo.nathanael\.m2\repository\commons-beanutils\commons-beanutils-core\1.8.3\commons-beanutils-core-1.8.3.jar;C:\Users\reynaldo.nathanael\.m2\repository\com\thoughtworks\xstream\xstream\1.4.9\xstream-1.4.9.jar;C:\Users\reynaldo.nathanael\.m2\repository\xmlpull\xmlpull\1.1.3.1\xmlpull-1.1.3.1.jar;C:\Users\reynaldo.nathanael\.m2\repository\xpp3\xpp3_min\1.1.4c\xpp3_min-1.1.4c.jar;C:\Users\reynaldo.nathanael\.m2\repository\commons-collections\commons-collections\3.2.2\commons-collections-3.2.2.jar;C:\Users\reynaldo.nathanael\.m2\repository\org\freemarker\freemarker\2.3.26-incubating\freemarker-2.3.26-incubating.jar;C:\Users\reynaldo.nathanael\.m2\repository\net\sourceforge\jexcelapi\jxl\2.6.12\jxl-2.6.12.jar;C:\Users\reynaldo.nathanael\.m2\repository\org\fluentlenium\fluentlenium-core\0.10.2\fluentlenium-core-0.10.2.jar;C:\Users\reynaldo.nathanael\.m2\repository\com\jhlabs\filters\2.0.235\filters-2.0.235.jar;C:\Users\reynaldo.nathanael\.m2\repository\org\asciidoctor\asciidoctorj\1.5.5\asciidoctorj-1.5.5.jar;C:\Users\reynaldo.nathanael\.m2\repository\org\jruby\jruby-complete\1.7.26\jruby-complete-1.7.26.jar;C:\Users\reynaldo.nathanael\.m2\repository\org\imgscalr\imgscalr-lib\4.2\imgscalr-lib-4.2.jar;C:\Users\reynaldo.nathanael\.m2\repository\javax\el\javax.el-api\2.2.4\javax.el-api-2.2.4.jar;C:\Users\reynaldo.nathanael\.m2\repository\org\glassfish\web\javax.el\2.2.4\javax.el-2.2.4.jar;C:\Users\reynaldo.nathanael\.m2\repository\org\awaitility\awaitility\3.1.0\awaitility-3.1.0.jar;C:\Users\reynaldo.nathanael\.m2\repository\com\typesafe\config\1.3.1\config-1.3.1.jar;C:\Users\reynaldo.nathanael\.m2\repository\com\google\jimfs\jimfs\1.1\jimfs-1.1.jar;C:\Users\reynaldo.nathanael\.m2\repository\es\nitaur\markdown\txtmark\0.16\txtmark-0.16.jar;C:\Users\reynaldo.nathanael\.m2\repository\com\vladsch\flexmark\flexmark-all\0.26.4\flexmark-all-0.26.4.jar;C:\Users\reynaldo.nathanael\.m2\repository\com\vladsch\flexmark\flexmark\0.26.4\flexmark-0.26.4.jar;C:\Users\reynaldo.nathanael\.m2\repository\com\vladsch\flexmark\flexmark-ext-abbreviation\0.26.4\flexmark-ext-abbreviation-0.26.4.jar;C:\Users\reynaldo.nathanael\.m2\repository\com\vladsch\flexmark\flexmark-ext-anchorlink\0.26.4\flexmark-ext-anchorlink-0.26.4.jar;C:\Users\reynaldo.nathanael\.m2\repository\com\vladsch\flexmark\flexmark-ext-aside\0.26.4\flexmark-ext-aside-0.26.4.jar;C:\Users\reynaldo.nathanael\.m2\repository\com\vladsch\flexmark\flexmark-ext-autolink\0.26.4\flexmark-ext-autolink-0.26.4.jar;C:\Users\reynaldo.nathanael\.m2\repository\org\nibor\autolink\autolink\0.6.0\autolink-0.6.0.jar;C:\Users\reynaldo.nathanael\.m2\repository\com\vladsch\flexmark\flexmark-ext-definition\0.26.4\flexmark-ext-definition-0.26.4.jar;C:\Users\reynaldo.nathanael\.m2\repository\com\vladsch\flexmark\flexmark-ext-emoji\0.26.4\flexmark-ext-emoji-0.26.4.jar;C:\Users\reynaldo.nathanael\.m2\repository\com\vladsch\flexmark\flexmark-ext-escaped-character\0.26.4\flexmark-ext-escaped-character-0.26.4.jar;C:\Users\reynaldo.nathanael\.m2\repository\com\vladsch\flexmark\flexmark-ext-footnotes\0.26.4\flexmark-ext-footnotes-0.26.4.jar;C:\Users\reynaldo.nathanael\.m2\repository\com\vladsch\flexmark\flexmark-ext-gfm-issues\0.26.4\flexmark-ext-gfm-issues-0.26.4.jar;C:\Users\reynaldo.nathanael\.m2\repository\com\vladsch\flexmark\flexmark-ext-gfm-strikethrough\0.26.4\flexmark-ext-gfm-strikethrough-0.26.4.jar;C:\Users\reynaldo.nathanael\.m2\repository\com\vladsch\flexmark\flexmark-ext-gfm-tables\0.26.4\flexmark-ext-gfm-tables-0.26.4.jar;C:\Users\reynaldo.nathanael\.m2\repository\com\vladsch\flexmark\flexmark-ext-gfm-tasklist\0.26.4\flexmark-ext-gfm-tasklist-0.26.4.jar;C:\Users\reynaldo.nathanael\.m2\repository\com\vladsch\flexmark\flexmark-ext-gfm-users\0.26.4\flexmark-ext-gfm-users-0.26.4.jar;C:\Users\reynaldo.nathanael\.m2\repository\com\vladsch\flexmark\flexmark-ext-jekyll-front-matter\0.26.4\flexmark-ext-jekyll-front-matter-0.26.4.jar;C:\Users\reynaldo.nathanael\.m2\repository\com\vladsch\flexmark\flexmark-ext-jekyll-tag\0.26.4\flexmark-ext-jekyll-tag-0.26.4.jar;C:\Users\reynaldo.nathanael\.m2\repository\com\vladsch\flexmark\flexmark-ext-ins\0.26.4\flexmark-ext-ins-0.26.4.jar;C:\Users\reynaldo.nathanael\.m2\repository\com\vladsch\flexmark\flexmark-ext-xwiki-macros\0.26.4\flexmark-ext-xwiki-macros-0.26.4.jar;C:\Users\reynaldo.nathanael\.m2\repository\com\vladsch\flexmark\flexmark-ext-superscript\0.26.4\flexmark-ext-superscript-0.26.4.jar;C:\Users\reynaldo.nathanael\.m2\repository\com\vladsch\flexmark\flexmark-ext-tables\0.26.4\flexmark-ext-tables-0.26.4.jar;C:\Users\reynaldo.nathanael\.m2\repository\com\vladsch\flexmark\flexmark-ext-toc\0.26.4\flexmark-ext-toc-0.26.4.jar;C:\Users\reynaldo.nathanael\.m2\repository\com\vladsch\flexmark\flexmark-ext-typographic\0.26.4\flexmark-ext-typographic-0.26.4.jar;C:\Users\reynaldo.nathanael\.m2\repository\com\vladsch\flexmark\flexmark-ext-wikilink\0.26.4\flexmark-ext-wikilink-0.26.4.jar;C:\Users\reynaldo.nathanael\.m2\repository\com\vladsch\flexmark\flexmark-ext-yaml-front-matter\0.26.4\flexmark-ext-yaml-front-matter-0.26.4.jar;C:\Users\reynaldo.nathanael\.m2\repository\com\vladsch\flexmark\flexmark-formatter\0.26.4\flexmark-formatter-0.26.4.jar;C:\Users\reynaldo.nathanael\.m2\repository\com\vladsch\flexmark\flexmark-html-parser\0.26.4\flexmark-html-parser-0.26.4.jar;C:\Users\reynaldo.nathanael\.m2\repository\com\vladsch\flexmark\flexmark-jira-converter\0.26.4\flexmark-jira-converter-0.26.4.jar;C:\Users\reynaldo.nathanael\.m2\repository\com\vladsch\flexmark\flexmark-pdf-converter\0.26.4\flexmark-pdf-converter-0.26.4.jar;C:\Users\reynaldo.nathanael\.m2\repository\com\openhtmltopdf\openhtmltopdf-core\0.0.1-RC9\openhtmltopdf-core-0.0.1-RC9.jar;C:\Users\reynaldo.nathanael\.m2\repository\com\openhtmltopdf\openhtmltopdf-pdfbox\0.0.1-RC9\openhtmltopdf-pdfbox-0.0.1-RC9.jar;C:\Users\reynaldo.nathanael\.m2\repository\org\apache\pdfbox\pdfbox\2.0.4\pdfbox-2.0.4.jar;C:\Users\reynaldo.nathanael\.m2\repository\org\apache\pdfbox\fontbox\2.0.4\fontbox-2.0.4.jar;C:\Users\reynaldo.nathanael\.m2\repository\com\openhtmltopdf\openhtmltopdf-rtl-support\0.0.1-RC9\openhtmltopdf-rtl-support-0.0.1-RC9.jar;C:\Users\reynaldo.nathanael\.m2\repository\com\ibm\icu\icu4j\58.1\icu4j-58.1.jar;C:\Users\reynaldo.nathanael\.m2\repository\com\openhtmltopdf\openhtmltopdf-jsoup-dom-converter\0.0.1-RC9\openhtmltopdf-jsoup-dom-converter-0.0.1-RC9.jar;C:\Users\reynaldo.nathanael\.m2\repository\com\vladsch\flexmark\flexmark-profile-pegdown\0.26.4\flexmark-profile-pegdown-0.26.4.jar;C:\Users\reynaldo.nathanael\.m2\repository\com\vladsch\flexmark\flexmark-util\0.26.4\flexmark-util-0.26.4.jar;C:\Users\reynaldo.nathanael\.m2\repository\com\vladsch\flexmark\flexmark-youtrack-converter\0.26.4\flexmark-youtrack-converter-0.26.4.jar;C:\Users\reynaldo.nathanael\.m2\repository\net\serenity-bdd\serenity-junit\1.9.31\serenity-junit-1.9.31.jar;C:\Users\reynaldo.nathanael\.m2\repository\org\springframework\spring-context\4.3.10.RELEASE\spring-context-4.3.10.RELEASE.jar;C:\Users\reynaldo.nathanael\.m2\repository\org\springframework\spring-context-support\4.3.10.RELEASE\spring-context-support-4.3.10.RELEASE.jar;"/>
    <property name="sun.cpu.endian" value="little"/>
    <property name="user.home" value="C:\Users\reynaldo.nathanael"/>
    <property name="user.language" value="en"/>
    <property name="java.specification.vendor" value="Oracle Corporation"/>
    <property name="java.home" value="C:\Program Files\Java\jdk1.8.0_181\jre"/>
    <property name="basedir" value="C:\Users\reynaldo.nathanael\Documents\ui-training"/>
    <property name="file.separator" value="\"/>
    <property name="line.separator" value="&#10;"/>
    <property name="java.vm.specification.vendor" value="Oracle Corporation"/>
    <property name="java.specification.name" value="Java Platform API Specification"/>
    <property name="java.awt.graphicsenv" value="sun.awt.Win32GraphicsEnvironment"/>
    <property name="spring.config.location" value="classpath:/application.properties"/>
    <property name="surefire.real.class.path" value="C:\Users\REYNAL~1.NAT\AppData\Local\Temp\surefire8433480985974240031\surefirebooter3261047840368600487.jar"/>
    <property name="sun.boot.class.path" value="C:\Program Files\Java\jdk1.8.0_181\jre\lib\resources.jar;C:\Program Files\Java\jdk1.8.0_181\jre\lib\rt.jar;C:\Program Files\Java\jdk1.8.0_181\jre\lib\sunrsasign.jar;C:\Program Files\Java\jdk1.8.0_181\jre\lib\jsse.jar;C:\Program Files\Java\jdk1.8.0_181\jre\lib\jce.jar;C:\Program Files\Java\jdk1.8.0_181\jre\lib\charsets.jar;C:\Program Files\Java\jdk1.8.0_181\jre\lib\jfr.jar;C:\Program Files\Java\jdk1.8.0_181\jre\classes"/>
    <property name="user.script" value=""/>
    <property name="sun.management.compiler" value="HotSpot 64-Bit Tiered Compilers"/>
    <property name="java.runtime.version" value="1.8.0_181-b13"/>
    <property name="user.name" value="reynaldo.nathanael"/>
    <property name="path.separator" value=";"/>
    <property name="os.version" value="6.1"/>
    <property name="java.endorsed.dirs" value="C:\Program Files\Java\jdk1.8.0_181\jre\lib\endorsed"/>
    <property name="java.runtime.name" value="Java(TM) SE Runtime Environment"/>
    <property name="file.encoding" value="Cp1252"/>
    <property name="java.vm.name" value="Java HotSpot(TM) 64-Bit Server VM"/>
    <property name="localRepository" value="C:\Users\reynaldo.nathanael\.m2\repository"/>
    <property name="cucumber.options" value="--junit,--step-notifications"/>
    <property name="java.vendor.url.bug" value="http://bugreport.sun.com/bugreport/"/>
    <property name="java.io.tmpdir" value="C:\Users\REYNAL~1.NAT\AppData\Local\Temp\"/>
    <property name="java.version" value="1.8.0_181"/>
    <property name="user.dir" value="C:\Users\reynaldo.nathanael\Documents\ui-training"/>
    <property name="os.arch" value="amd64"/>
    <property name="java.vm.specification.name" value="Java Virtual Machine Specification"/>
    <property name="java.awt.printerjob" value="sun.awt.windows.WPrinterJob"/>
    <property name="sun.os.patch.level" value="Service Pack 1"/>
    <property name="java.library.path" value="C:\Program Files\Java\jdk1.8.0_181\jre\bin;C:\Windows\Sun\Java\bin;C:\Windows\system32;C:\Windows;C:\Program Files (x86)\Common Files\Oracle\Java\javapath;C:\Program Files (x86)\Intel\Intel(R) Management Engine Components\iCLS\;C:\Program Files\Intel\Intel(R) Management Engine Components\iCLS\;C:\ProgramData\Oracle\Java\javapath;C:\Windows\system32;C:\Windows;C:\Windows\System32\Wbem;C:\Windows\System32\WindowsPowerShell\v1.0\;C:\Program Files (x86)\Intel\UCRT\;C:\Program Files\Intel\UCRT\;C:\Program Files (x86)\Intel\Intel(R) Management Engine Components\DAL;C:\Program Files\Intel\Intel(R) Management Engine Components\DAL;C:\Program Files (x86)\Intel\Intel(R) Management Engine Components\IPT;C:\Program Files\Intel\Intel(R) Management Engine Components\IPT;C:\Program Files\Dell\Dell Data Protection\Drivers\TSS\bin\;C:\Program Files\Git\cmd;C:\Program Files\Git\mingw64\bin;C:\Program Files\Git\usr\bin;C:\Program Files\apache-maven-3.5.4\bin;C:\Program Files\PuTTY\;C:\Program Files\Java\jdk1.8.0_181\bin;."/>
    <property name="java.vm.info" value="mixed mode"/>
    <property name="java.vendor" value="Oracle Corporation"/>
    <property name="java.vm.version" value="25.181-b13"/>
    <property name="java.ext.dirs" value="C:\Program Files\Java\jdk1.8.0_181\jre\lib\ext;C:\Windows\Sun\Java\lib\ext"/>
    <property name="sun.io.unicode.encoding" value="UnicodeLittle"/>
    <property name="java.class.version" value="52.0"/>
  </properties>
  <testcase name="user open wonderful quotes page" classname="Add wonderful quotes" time="6.082"/>
  <testcase name="user input &quot;Quote&quot; on quote field" classname="Add wonderful quotes" time="6.643">
    <error message="Expected enabled element was not enabled" type="net.thucydides.core.webdriver.exceptions.ElementShouldBeEnabledException">net.thucydides.core.webdriver.exceptions.ElementShouldBeEnabledException: Expected enabled element was not enabled
Caused by: org.openqa.selenium.TimeoutException: Expected condition failed: waiting for By.xpath: //textarea[@placeholder='input quotes here'] to be enabled (tried for 5 second(s) with 100 milliseconds interval)
Caused by: org.openqa.selenium.NoSuchElementException: 
no such element: Unable to locate element: {"method":"xpath","selector":"//textarea[@placeholder='input quotes here']"}
  (Session info: chrome=68.0.3440.106)
  (Driver info: chromedriver=2.41.578737 (49da6702b16031c40d63e5618de03a32ff6c197e),platform=Windows NT 6.1.7601 SP1 x86_64) (WARNING: The server did not provide any stacktrace information)
Command duration or timeout: 0 milliseconds
For documentation on this error, please visit: http://seleniumhq.org/exceptions/no_such_element.html
Build info: version: '3.13.0', revision: '2f0d292', time: '2018-06-25T15:24:21.231Z'
System info: host: 'DEV-LTP-210', ip: '192.168.56.1', os.name: 'Windows 7', os.arch: 'amd64', os.version: '6.1', java.version: '1.8.0_181'
Driver info: org.openqa.selenium.chrome.ChromeDriver
Capabilities {acceptInsecureCerts: false, acceptSslCerts: false, applicationCacheEnabled: false, browserConnectionEnabled: false, browserName: chrome, chrome: {chromedriverVersion: 2.41.578737 (49da6702b16031..., userDataDir: C:\Users\REYNAL~1.NAT\AppDa...}, cssSelectorsEnabled: true, databaseEnabled: false, goog:chromeOptions: {debuggerAddress: localhost:55056}, handlesAlerts: true, hasTouchScreen: false, javascriptEnabled: true, locationContextEnabled: true, mobileEmulationEnabled: false, nativeEvents: true, networkConnectionEnabled: false, pageLoadStrategy: normal, platform: XP, platformName: XP, rotatable: false, setWindowRect: true, takesHeapSnapshot: true, takesScreenshot: true, unexpectedAlertBehaviour: , unhandledPromptBehavior: , version: 68.0.3440.106, webStorageEnabled: true}
Session ID: 08182155f4a1335db3bf384b4ba3c742
*** Element info: {Using=xpath, value=//textarea[@placeholder='input quotes here']}
</error>
  </testcase>
  <testcase name="user input &quot;Argo&quot; on author field" classname="Add wonderful quotes" time="0">
    <skipped message="This step is skipped"/>
  </testcase>
  <testcase name="user input &quot;aqua&quot; on background field" classname="Add wonderful quotes" time="0">
    <skipped message="This step is skipped"/>
  </testcase>
  <testcase name="user click on add quote" classname="Add wonderful quotes" time="0">
    <skipped message="This step is skipped"/>
  </testcase>
  <testcase name="user should see &quot;Quote&quot; on panel" classname="Add wonderful quotes" time="0">
    <skipped message="This step is skipped"/>
  </testcase>
  <testcase name="Add wonderful quotes" classname="Add wonderful quotes" time="0.899">
    <error message="Expected enabled element was not enabled" type="net.thucydides.core.webdriver.exceptions.ElementShouldBeEnabledException">net.thucydides.core.webdriver.exceptions.ElementShouldBeEnabledException: Expected enabled element was not enabled
Caused by: org.openqa.selenium.TimeoutException: Expected condition failed: waiting for By.xpath: //textarea[@placeholder='input quotes here'] to be enabled (tried for 5 second(s) with 100 milliseconds interval)
Caused by: org.openqa.selenium.NoSuchElementException: 
no such element: Unable to locate element: {"method":"xpath","selector":"//textarea[@placeholder='input quotes here']"}
  (Session info: chrome=68.0.3440.106)
  (Driver info: chromedriver=2.41.578737 (49da6702b16031c40d63e5618de03a32ff6c197e),platform=Windows NT 6.1.7601 SP1 x86_64) (WARNING: The server did not provide any stacktrace information)
Command duration or timeout: 0 milliseconds
For documentation on this error, please visit: http://seleniumhq.org/exceptions/no_such_element.html
Build info: version: '3.13.0', revision: '2f0d292', time: '2018-06-25T15:24:21.231Z'
System info: host: 'DEV-LTP-210', ip: '192.168.56.1', os.name: 'Windows 7', os.arch: 'amd64', os.version: '6.1', java.version: '1.8.0_181'
Driver info: org.openqa.selenium.chrome.ChromeDriver
Capabilities {acceptInsecureCerts: false, acceptSslCerts: false, applicationCacheEnabled: false, browserConnectionEnabled: false, browserName: chrome, chrome: {chromedriverVersion: 2.41.578737 (49da6702b16031..., userDataDir: C:\Users\REYNAL~1.NAT\AppDa...}, cssSelectorsEnabled: true, databaseEnabled: false, goog:chromeOptions: {debuggerAddress: localhost:55056}, handlesAlerts: true, hasTouchScreen: false, javascriptEnabled: true, locationContextEnabled: true, mobileEmulationEnabled: false, nativeEvents: true, networkConnectionEnabled: false, pageLoadStrategy: normal, platform: XP, platformName: XP, rotatable: false, setWindowRect: true, takesHeapSnapshot: true, takesScreenshot: true, unexpectedAlertBehaviour: , unhandledPromptBehavior: , version: 68.0.3440.106, webStorageEnabled: true}
Session ID: 08182155f4a1335db3bf384b4ba3c742
*** Element info: {Using=xpath, value=//textarea[@placeholder='input quotes here']}
</error>
    <system-out><![CDATA[2018-08-13 14:02:05.814 ERROR 6600 --- [           main] n.t.core.steps.ConsoleLoggingListener    : 
           __  _____ _____ ____ _____   _____ _    ___ _     _____ ____  
  _       / / |_   _| ____/ ___|_   _| |  ___/ \  |_ _| |   | ____|  _ \ 
 (_)_____| |    | | |  _| \___ \ | |   | |_ / _ \  | || |   |  _| | | | |
  _|_____| |    | | | |___ ___) || |   |  _/ ___ \ | || |___| |___| |_| |
 (_)     | |    |_| |_____|____/ |_|   |_|/_/   \_\___|_____|_____|____/ 
          \_\                                                            

TEST FAILED: Add wonderful quotes
--------------------------------------------------------------------------
2018-08-13 14:02:05.888 ERROR 6600 --- [           main] n.t.core.steps.ConsoleLoggingListener    : TEST FAILED AT STEP When user input "Quote" on quote field
2018-08-13 14:02:05.889 ERROR 6600 --- [           main] n.t.core.steps.ConsoleLoggingListener    : Expected enabled element was not enabledBuild info: version: '3.13.0', revision: '2f0d292', time: '2018-06-25T15:24:21.231Z'System info: host: 'DEV-LTP-210', ip: '192.168.56.1', os.name: 'Windows 7', os.arch: 'amd64', os.version: '6.1', java.version: '1.8.0_181'Driver info: driver.version: unknown
]]></system-out>
  </testcase>
</testsuite>